Build started 3/3/2016 18:11:07.
     1>Project "C:\Users\schulzcc\Documents\Personal\Creations\Games\quaternion_plugins\QuaternionPlugins\QuaternionPlugins\QuaternionPlugins.vcxproj" on node 2 (Build target(s)).
     1>ClCompile:
         C:\Program Files (x86)\Microsoft Visual Studio 12.0\VC\bin\CL.exe /c /Zi /nologo /W3 /WX- /O2 /Oi /Oy- /GL /D WIN32 /D NDEBUG /D _WINDOWS /D _USRDLL /D QUATERNIONPLUGINS_EXPORTS /D _WINDLL /D _MBCS /Gm- /EHsc /MT /GS /Gy /fp:precise /Zc:wchar_t /Zc:forScope /Yc"stdafx.h" /Fp"Release\QuaternionPlugins.pch" /Fo"Release\\" /Fd"Release\vc120.pdb" /Gd /TP /analyze- /errorReport:prompt stdafx.cpp
         stdafx.cpp
     1>c:\users\schulzcc\documents\personal\creations\games\quaternion_plugins\quaternionplugins\quaternionplugins\stdafx.h(13): fatal error C1083: Cannot open include file: 'TorqueLib/TGE.h': No such file or directory
     1>Done Building Project "C:\Users\schulzcc\Documents\Personal\Creations\Games\quaternion_plugins\QuaternionPlugins\QuaternionPlugins\QuaternionPlugins.vcxproj" (Build target(s)) -- FAILED.

Build FAILED.

Time Elapsed 00:00:00.37
